
                *************************
                |     START OF TESTS     |
                *************************
_______________import__function__from__file_________________

>>> say_my_name = __import__('3-say_my_name').say_my_name

       _______________Let's_check_it_________________
------------------------------------------------------------

    >>> say_my_name("Walter", "White")
    My name is Walter White

------------------------------------------------------------

    >>> say_my_name("Heisenberg")
    My name is Heisenberg 

------------------------------------------------------------

    >>> say_my_name("Heisenberg", 1932)
    Traceback (most recent call last):
    TypeError: last_name must be a string

------------------------------------------------------------

    >>> say_my_name(1932, "Heisenberg")
    Traceback (most recent call last):
    TypeError: first_name must be a string

------------------------------------------------------------

    >>> say_my_name(1932)
    Traceback (most recent call last):
    TypeError: first_name must be a string

------------------------------------------------------------

    >>> say_my_name(1932, 13)
    Traceback (most recent call last):
    TypeError: first_name must be a string

------------------------------------------------------------

    >>> say_my_name(meth)
    Traceback (most recent call last):
    NameError: name 'meth' is not defined

------------------------------------------------------------

    >>> say_my_name("Jessi", Beckman)
    Traceback (most recent call last):
    NameError: name 'Beckman' is not defined

------------------------------------------------------------

    >>> say_my_name()
    Traceback (most recent call last):
    TypeError: say_my_name() missing 1 required positional argument: 'first_name'

------------------------------------------------------------


                *************************
                |     END OF TESTS      |
                *************************